Change Component Footprint: Designator=LED-RB Old Footprint=691213710003 New Footprint=FP-22-05-7038-MFG
Change Component Footprint: Designator=LED-YG Old Footprint=691213710003 New Footprint=FP-22-05-7038-MFG
Change Component Footprint: Designator=PWR Old Footprint=691213710003 New Footprint=FP-22-05-7038-MFG
Change Component Comment : Designator=LED-RB Old Comment=691213710003 New Comment=22-05-7038
Change Component Comment : Designator=LED-YG Old Comment=691213710003 New Comment=22-05-7038
Change Component Comment : Designator=PWR Old Comment=691213710003 New Comment=22-05-7038
Change Managed Component Library Link : Designator=LED-RB Old VaultGUID=B7D15EC3-160A-466F-A46C-7801FE6295A7 New VaultGUID=B7D15EC3-160A-466F-A46C-7801FE6295A7 Old ItemGUID=E851B264-FEDE-4897-AB8D-6468E5CA65B5 New ItemGUID=8BF5364D-5DDE-48D2-9156-962C5F7D6B65 Old RevisionGUID=2754F5FF-E22B-48E9-9E21-1A62DF63892D New RevisionGUID=C3059A8B-FE82-436A-890B-91431A953F5E
Change Managed Component Library Link : Designator=LED-YG Old VaultGUID=B7D15EC3-160A-466F-A46C-7801FE6295A7 New VaultGUID=B7D15EC3-160A-466F-A46C-7801FE6295A7 Old ItemGUID=E851B264-FEDE-4897-AB8D-6468E5CA65B5 New ItemGUID=8BF5364D-5DDE-48D2-9156-962C5F7D6B65 Old RevisionGUID=2754F5FF-E22B-48E9-9E21-1A62DF63892D New RevisionGUID=C3059A8B-FE82-436A-890B-91431A953F5E
Change Managed Component Library Link : Designator=PWR Old VaultGUID=B7D15EC3-160A-466F-A46C-7801FE6295A7 New VaultGUID=B7D15EC3-160A-466F-A46C-7801FE6295A7 Old ItemGUID=E851B264-FEDE-4897-AB8D-6468E5CA65B5 New ItemGUID=8BF5364D-5DDE-48D2-9156-962C5F7D6B65 Old RevisionGUID=2754F5FF-E22B-48E9-9E21-1A62DF63892D New RevisionGUID=C3059A8B-FE82-436A-890B-91431A953F5E
Change component parameters: Designator = "LED-RB" ("LED-RB"); Footprint = "691213710003"; UniqueID = "\PIJKGMRC" ("\PIJKGMRC")
Change component parameters (AddParameter): Name = "Automotive"; Value = "No"; VariantName = "[No Variations]"
Change component parameters (AddParameter): Name = "Category"; Value = "Conn"; VariantName = "[No Variations]"
Change component parameters (AddParameter): Name = "ComponentLink2Description"; Value = "Datasheet"; VariantName = "[No Variations]"
Change component parameters (AddParameter): Name = "ComponentLink2URL"; Value = "https://www.molex.com/webdocs/datasheets/pdf/en-us/0022057038_PCB_HEADERS.pdf"; VariantName = "[No Variations]"
Change component parameters (AddParameter): Name = "Conn Gender"; Value = "Male"; VariantName = "[No Variations]"
Change component parameters (AddParameter): Name = "Conn Orientation"; Value = "Right Angle"; VariantName = "[No Variations]"
Change component parameters (AddParameter): Name = "Contact Material"; Value = "Tin,Nickel"; VariantName = "[No Variations]"
Change component parameters (AddParameter): Name = "Current Rating"; Value = "4A"; VariantName = "[No Variations]"
Change component parameters (AddParameter): Name = "Device Class L1"; Value = "Connectors"; VariantName = "[No Variations]"
Change component parameters (AddParameter): Name = "Device Class L2"; Value = "Headers and Wire Housings"; VariantName = "[No Variations]"
Change component parameters (AddParameter): Name = "Device Class L3"; Value = "unset"; VariantName = "[No Variations]"
Change component parameters (AddParameter): Name = "Digikey Description"; Value = "CONN HEADER R/A 3POS 2.54MM"; VariantName = "[No Variations]"
Change component parameters (AddParameter): Name = "Footprint Url"; Value = "https://www.molex.com/pdm_docs/sd/022057038_sd.pdf"; VariantName = "[No Variations]"
Change component parameters (AddParameter): Name = "Height"; Value = "6.05mm"; VariantName = "[No Variations]"
Change component parameters (AddParameter): Name = "Lead Free"; Value = "Yes"; VariantName = "[No Variations]"
Change component parameters (AddParameter): Name = "Manufacturer"; Value = "Molex"; VariantName = "[No Variations]"
Change component parameters (AddParameter): Name = "Manufacturer Part Number"; Value = "22-05-7038"; VariantName = "[No Variations]"
Change component parameters (AddParameter): Name = "Mouser Description"; Value = "2.54mm (.100") Pitch KK® Wire-to-Board Header, Right Angle, with Friction Lock, 3 Circuits"; VariantName = "[No Variations]"
Change component parameters (AddParameter): Name = "Number Of Contacts"; Value = "3"; VariantName = "[No Variations]"
Change component parameters (AddParameter): Name = "Number Of Rows"; Value = "1"; VariantName = "[No Variations]"
Change component parameters (AddParameter): Name = "Octopart"; Value = "https://octopart.com/22-05-7038-molex-773563"; VariantName = "[No Variations]"
Change component parameters (AddParameter): Name = "Package"; Value = "0"; VariantName = "[No Variations]"
Change component parameters (AddParameter): Name = "Pitch"; Value = "2.54mm"; VariantName = "[No Variations]"
Change component parameters (AddParameter): Name = "RoHS"; Value = "TRUE"; VariantName = "[No Variations]"
Change component parameters (AddParameter): Name = "Temperature"; Value = "-40°C to +105°C"; VariantName = "[No Variations]"
Change component parameters (AddParameter): Name = "Temperature Range High"; Value = "+105°C"; VariantName = "[No Variations]"
Change component parameters (AddParameter): Name = "Temperature Range Low"; Value = "-40°C"; VariantName = "[No Variations]"
Change component parameters (AddParameter): Name = "Voltage Rating"; Value = "500V"; VariantName = "[No Variations]"
Change component parameters: Designator = "LED-YG" ("LED-YG"); Footprint = "691213710003"; UniqueID = "\OFCEBLQH" ("\OFCEBLQH")
Change component parameters (AddParameter): Name = "Automotive"; Value = "No"; VariantName = "[No Variations]"
Change component parameters (AddParameter): Name = "Category"; Value = "Conn"; VariantName = "[No Variations]"
Change component parameters (AddParameter): Name = "ComponentLink2Description"; Value = "Datasheet"; VariantName = "[No Variations]"
Change component parameters (AddParameter): Name = "ComponentLink2URL"; Value = "https://www.molex.com/webdocs/datasheets/pdf/en-us/0022057038_PCB_HEADERS.pdf"; VariantName = "[No Variations]"
Change component parameters (AddParameter): Name = "Conn Gender"; Value = "Male"; VariantName = "[No Variations]"
Change component parameters (AddParameter): Name = "Conn Orientation"; Value = "Right Angle"; VariantName = "[No Variations]"
Change component parameters (AddParameter): Name = "Contact Material"; Value = "Tin,Nickel"; VariantName = "[No Variations]"
Change component parameters (AddParameter): Name = "Current Rating"; Value = "4A"; VariantName = "[No Variations]"
Change component parameters (AddParameter): Name = "Device Class L1"; Value = "Connectors"; VariantName = "[No Variations]"
Change component parameters (AddParameter): Name = "Device Class L2"; Value = "Headers and Wire Housings"; VariantName = "[No Variations]"
Change component parameters (AddParameter): Name = "Device Class L3"; Value = "unset"; VariantName = "[No Variations]"
Change component parameters (AddParameter): Name = "Digikey Description"; Value = "CONN HEADER R/A 3POS 2.54MM"; VariantName = "[No Variations]"
Change component parameters (AddParameter): Name = "Footprint Url"; Value = "https://www.molex.com/pdm_docs/sd/022057038_sd.pdf"; VariantName = "[No Variations]"
Change component parameters (AddParameter): Name = "Height"; Value = "6.05mm"; VariantName = "[No Variations]"
Change component parameters (AddParameter): Name = "Lead Free"; Value = "Yes"; VariantName = "[No Variations]"
Change component parameters (AddParameter): Name = "Manufacturer"; Value = "Molex"; VariantName = "[No Variations]"
Change component parameters (AddParameter): Name = "Manufacturer Part Number"; Value = "22-05-7038"; VariantName = "[No Variations]"
Change component parameters (AddParameter): Name = "Mouser Description"; Value = "2.54mm (.100") Pitch KK® Wire-to-Board Header, Right Angle, with Friction Lock, 3 Circuits"; VariantName = "[No Variations]"
Change component parameters (AddParameter): Name = "Number Of Contacts"; Value = "3"; VariantName = "[No Variations]"
Change component parameters (AddParameter): Name = "Number Of Rows"; Value = "1"; VariantName = "[No Variations]"
Change component parameters (AddParameter): Name = "Octopart"; Value = "https://octopart.com/22-05-7038-molex-773563"; VariantName = "[No Variations]"
Change component parameters (AddParameter): Name = "Package"; Value = "0"; VariantName = "[No Variations]"
Change component parameters (AddParameter): Name = "Pitch"; Value = "2.54mm"; VariantName = "[No Variations]"
Change component parameters (AddParameter): Name = "RoHS"; Value = "TRUE"; VariantName = "[No Variations]"
Change component parameters (AddParameter): Name = "Temperature"; Value = "-40°C to +105°C"; VariantName = "[No Variations]"
Change component parameters (AddParameter): Name = "Temperature Range High"; Value = "+105°C"; VariantName = "[No Variations]"
Change component parameters (AddParameter): Name = "Temperature Range Low"; Value = "-40°C"; VariantName = "[No Variations]"
Change component parameters (AddParameter): Name = "Voltage Rating"; Value = "500V"; VariantName = "[No Variations]"
Change component parameters: Designator = "PWR" ("PWR"); Footprint = "691213710003"; UniqueID = "\HDBMLTSM" ("\HDBMLTSM")
Change component parameters (AddParameter): Name = "Automotive"; Value = "No"; VariantName = "[No Variations]"
Change component parameters (AddParameter): Name = "Category"; Value = "Conn"; VariantName = "[No Variations]"
Change component parameters (AddParameter): Name = "ComponentLink2Description"; Value = "Datasheet"; VariantName = "[No Variations]"
Change component parameters (AddParameter): Name = "ComponentLink2URL"; Value = "https://www.molex.com/webdocs/datasheets/pdf/en-us/0022057038_PCB_HEADERS.pdf"; VariantName = "[No Variations]"
Change component parameters (AddParameter): Name = "Conn Gender"; Value = "Male"; VariantName = "[No Variations]"
Change component parameters (AddParameter): Name = "Conn Orientation"; Value = "Right Angle"; VariantName = "[No Variations]"
Change component parameters (AddParameter): Name = "Contact Material"; Value = "Tin,Nickel"; VariantName = "[No Variations]"
Change component parameters (AddParameter): Name = "Current Rating"; Value = "4A"; VariantName = "[No Variations]"
Change component parameters (AddParameter): Name = "Device Class L1"; Value = "Connectors"; VariantName = "[No Variations]"
Change component parameters (AddParameter): Name = "Device Class L2"; Value = "Headers and Wire Housings"; VariantName = "[No Variations]"
Change component parameters (AddParameter): Name = "Device Class L3"; Value = "unset"; VariantName = "[No Variations]"
Change component parameters (AddParameter): Name = "Digikey Description"; Value = "CONN HEADER R/A 3POS 2.54MM"; VariantName = "[No Variations]"
Change component parameters (AddParameter): Name = "Footprint Url"; Value = "https://www.molex.com/pdm_docs/sd/022057038_sd.pdf"; VariantName = "[No Variations]"
Change component parameters (AddParameter): Name = "Height"; Value = "6.05mm"; VariantName = "[No Variations]"
Change component parameters (AddParameter): Name = "Lead Free"; Value = "Yes"; VariantName = "[No Variations]"
Change component parameters (AddParameter): Name = "Manufacturer"; Value = "Molex"; VariantName = "[No Variations]"
Change component parameters (AddParameter): Name = "Manufacturer Part Number"; Value = "22-05-7038"; VariantName = "[No Variations]"
Change component parameters (AddParameter): Name = "Mouser Description"; Value = "2.54mm (.100") Pitch KK® Wire-to-Board Header, Right Angle, with Friction Lock, 3 Circuits"; VariantName = "[No Variations]"
Change component parameters (AddParameter): Name = "Number Of Contacts"; Value = "3"; VariantName = "[No Variations]"
Change component parameters (AddParameter): Name = "Number Of Rows"; Value = "1"; VariantName = "[No Variations]"
Change component parameters (AddParameter): Name = "Octopart"; Value = "https://octopart.com/22-05-7038-molex-773563"; VariantName = "[No Variations]"
Change component parameters (AddParameter): Name = "Package"; Value = "0"; VariantName = "[No Variations]"
Change component parameters (AddParameter): Name = "Pitch"; Value = "2.54mm"; VariantName = "[No Variations]"
Change component parameters (AddParameter): Name = "RoHS"; Value = "TRUE"; VariantName = "[No Variations]"
Change component parameters (AddParameter): Name = "Temperature"; Value = "-40°C to +105°C"; VariantName = "[No Variations]"
Change component parameters (AddParameter): Name = "Temperature Range High"; Value = "+105°C"; VariantName = "[No Variations]"
Change component parameters (AddParameter): Name = "Temperature Range Low"; Value = "-40°C"; VariantName = "[No Variations]"
Change component parameters (AddParameter): Name = "Voltage Rating"; Value = "500V"; VariantName = "[No Variations]"
Add Pin To Net: Unknown Pin: Pin HEAD/ARM-EN-ENA
Add Pin To Net: Unknown Pin: Pin HEAD/ARM-EN-ENB
Add Pin To Net: Unknown Pin: Pin HEAD/ARM-IN-IN1
Add Pin To Net: Unknown Pin: Pin HEAD/ARM-IN-IN2
Add Pin To Net: Unknown Pin: Pin HEAD/ARM-IN-IN3
Add Pin To Net: Unknown Pin: Pin HEAD/ARM-IN-IN4
Add Pin To Net: Unknown Pin: Pin LCD-GND
Add Pin To Net: Unknown Pin: Pin LCD-LCD1
Add Pin To Net: Unknown Pin: Pin LCD-LCD2
Added Pin To Net: NetName=NetIC2_26 Pin=LED-RB-1
Added Pin To Net: NetName=GND Pin=LED-RB-2
Added Pin To Net: NetName=NetIC2_25 Pin=LED-RB-3
Added Pin To Net: NetName=NetIC2_24 Pin=LED-YG-1
Added Pin To Net: NetName=GND Pin=LED-YG-2
Added Pin To Net: NetName=NetIC2_23 Pin=LED-YG-3
Add Pin To Net: Unknown Pin: Pin LEGS-EN-ENA
Add Pin To Net: Unknown Pin: Pin LEGS-EN-ENB
Add Pin To Net: Unknown Pin: Pin LEGS-IN-IN1
Add Pin To Net: Unknown Pin: Pin LEGS-IN-IN2
Add Pin To Net: Unknown Pin: Pin LEGS-IN-IN3
Add Pin To Net: Unknown Pin: Pin LEGS-IN-IN4
Added Pin To Net: NetName=GND Pin=PWR-1
Added Pin To Net: NetName=GND Pin=PWR-2
Add Pin To Net: Unknown Pin: Pin USB-D+
Add Pin To Net: Unknown Pin: Pin USB-D-
Add Pin To Net: Unknown Pin: Pin USB-GND
Add Pin To Net: Unknown Pin: Pin USB-UVCC
Added Pin To Net: NetName=PWR_IN Pin=PWR-3
Added Pin To Net: NetName=PWR_IN Pin=SW-5
Added Net: Name=PWR_IN
Added Member To Class: ClassName=ArduinoCustomSchematic Member=Component SW A6SN-4101
